[2026-04-16 15:17:55,612] [INFO] [apscheduler.scheduler] Adding job tentatively -- it will be properly scheduled when the scheduler starts
[2026-04-16 15:17:55,612] [INFO] [root] Job µī·Ļ æĻ·į: hello_job
[2026-04-16 15:27:28,890] [INFO] [apscheduler.scheduler] Adding job tentatively -- it will be properly scheduled when the scheduler starts
[2026-04-16 15:27:28,890] [INFO] [root] Job µī·Ļ æĻ·į: hello_job
[2026-04-16 15:27:28,914] [INFO] [apscheduler.scheduler] Added job "execute_job" to job store "default"
[2026-04-16 15:27:28,914] [INFO] [apscheduler.scheduler] Scheduler started
[2026-04-16 15:27:28,926] [INFO] [root] Scheduler ½ĆĄŪ
[2026-04-16 15:27:38,907] [INFO] [apscheduler.executors.default] Running job "execute_job (trigger: interval[0:00:10], next run at: 2026-04-16 15:27:48 KST)" (scheduled at 2026-04-16 15:27:38.890874+09:00)
[2026-04-16 15:27:38,907] [INFO] [hello_job] [START] hello_job
[2026-04-16 15:27:38,907] [INFO] [job_funcs] hello_job ½ĆĄŪ
[2026-04-16 15:27:40,915] [INFO] [job_funcs] hello_job Į¾·į
[2026-04-16 15:27:40,915] [INFO] [hello_job] [END] hello_job
[2026-04-16 15:27:40,916] [INFO] [apscheduler.executors.default] Job "execute_job (trigger: interval[0:00:10], next run at: 2026-04-16 15:27:48 KST)" executed successfully
[2026-04-16 15:27:48,904] [INFO] [apscheduler.executors.default] Running job "execute_job (trigger: interval[0:00:10], next run at: 2026-04-16 15:27:58 KST)" (scheduled at 2026-04-16 15:27:48.890874+09:00)
[2026-04-16 15:27:48,905] [INFO] [hello_job] [START] hello_job
[2026-04-16 15:27:48,905] [INFO] [job_funcs] hello_job ½ĆĄŪ
[2026-04-16 15:27:50,906] [INFO] [job_funcs] hello_job Į¾·į
[2026-04-16 15:27:50,907] [INFO] [hello_job] [END] hello_job
[2026-04-16 15:27:50,907] [INFO] [apscheduler.executors.default] Job "execute_job (trigger: interval[0:00:10], next run at: 2026-04-16 15:27:58 KST)" executed successfully
[2026-04-16 15:27:58,902] [INFO] [apscheduler.executors.default] Running job "execute_job (trigger: interval[0:00:10], next run at: 2026-04-16 15:28:08 KST)" (scheduled at 2026-04-16 15:27:58.890874+09:00)
[2026-04-16 15:27:58,902] [INFO] [hello_job] [START] hello_job
[2026-04-16 15:27:58,902] [INFO] [job_funcs] hello_job ½ĆĄŪ
[2026-04-16 15:28:00,905] [INFO] [job_funcs] hello_job Į¾·į
[2026-04-16 15:28:00,907] [INFO] [hello_job] [END] hello_job
[2026-04-16 15:28:00,910] [INFO] [apscheduler.executors.default] Job "execute_job (trigger: interval[0:00:10], next run at: 2026-04-16 15:28:08 KST)" executed successfully
[2026-04-16 15:28:08,901] [INFO] [apscheduler.executors.default] Running job "execute_job (trigger: interval[0:00:10], next run at: 2026-04-16 15:28:18 KST)" (scheduled at 2026-04-16 15:28:08.890874+09:00)
[2026-04-16 15:28:08,904] [INFO] [hello_job] [START] hello_job
[2026-04-16 15:28:08,906] [INFO] [job_funcs] hello_job ½ĆĄŪ
[2026-04-16 15:28:10,909] [INFO] [job_funcs] hello_job Į¾·į
[2026-04-16 15:28:10,910] [INFO] [hello_job] [END] hello_job
[2026-04-16 15:28:10,913] [INFO] [apscheduler.executors.default] Job "execute_job (trigger: interval[0:00:10], next run at: 2026-04-16 15:28:18 KST)" executed successfully
[2026-04-16 15:28:18,905] [INFO] [apscheduler.executors.default] Running job "execute_job (trigger: interval[0:00:10], next run at: 2026-04-16 15:28:28 KST)" (scheduled at 2026-04-16 15:28:18.890874+09:00)
[2026-04-16 15:28:18,905] [INFO] [hello_job] [START] hello_job
[2026-04-16 15:28:18,911] [INFO] [job_funcs] hello_job ½ĆĄŪ
[2026-04-16 15:28:20,915] [INFO] [job_funcs] hello_job Į¾·į
[2026-04-16 15:28:20,923] [INFO] [hello_job] [END] hello_job
[2026-04-16 15:28:20,931] [INFO] [apscheduler.executors.default] Job "execute_job (trigger: interval[0:00:10], next run at: 2026-04-16 15:28:28 KST)" executed successfully
[2026-04-16 15:28:28,907] [INFO] [apscheduler.executors.default] Running job "execute_job (trigger: interval[0:00:10], next run at: 2026-04-16 15:28:38 KST)" (scheduled at 2026-04-16 15:28:28.890874+09:00)
[2026-04-16 15:28:28,909] [INFO] [hello_job] [START] hello_job
[2026-04-16 15:28:28,912] [INFO] [job_funcs] hello_job ½ĆĄŪ
[2026-04-16 15:28:30,916] [INFO] [job_funcs] hello_job Į¾·į
[2026-04-16 15:28:30,916] [INFO] [hello_job] [END] hello_job
[2026-04-16 15:28:30,916] [INFO] [apscheduler.executors.default] Job "execute_job (trigger: interval[0:00:10], next run at: 2026-04-16 15:28:38 KST)" executed successfully
[2026-04-16 15:28:38,897] [INFO] [apscheduler.executors.default] Running job "execute_job (trigger: interval[0:00:10], next run at: 2026-04-16 15:28:48 KST)" (scheduled at 2026-04-16 15:28:38.890874+09:00)
[2026-04-16 15:28:38,897] [INFO] [hello_job] [START] hello_job
[2026-04-16 15:28:38,897] [INFO] [job_funcs] hello_job ½ĆĄŪ
[2026-04-16 15:28:40,899] [INFO] [job_funcs] hello_job Į¾·į
[2026-04-16 15:28:40,899] [INFO] [hello_job] [END] hello_job
[2026-04-16 15:28:40,899] [INFO] [apscheduler.executors.default] Job "execute_job (trigger: interval[0:00:10], next run at: 2026-04-16 15:28:48 KST)" executed successfully
[2026-04-16 15:28:48,903] [INFO] [apscheduler.executors.default] Running job "execute_job (trigger: interval[0:00:10], next run at: 2026-04-16 15:28:58 KST)" (scheduled at 2026-04-16 15:28:48.890874+09:00)
[2026-04-16 15:28:48,903] [INFO] [hello_job] [START] hello_job
[2026-04-16 15:28:48,903] [INFO] [job_funcs] hello_job ½ĆĄŪ
[2026-04-16 15:28:50,906] [INFO] [job_funcs] hello_job Į¾·į
[2026-04-16 15:28:50,906] [INFO] [hello_job] [END] hello_job
[2026-04-16 15:28:50,906] [INFO] [apscheduler.executors.default] Job "execute_job (trigger: interval[0:00:10], next run at: 2026-04-16 15:28:58 KST)" executed successfully
[2026-04-16 15:28:58,904] [INFO] [apscheduler.executors.default] Running job "execute_job (trigger: interval[0:00:10], next run at: 2026-04-16 15:29:08 KST)" (scheduled at 2026-04-16 15:28:58.890874+09:00)
[2026-04-16 15:28:58,907] [INFO] [hello_job] [START] hello_job
[2026-04-16 15:28:58,907] [INFO] [job_funcs] hello_job ½ĆĄŪ
[2026-04-16 15:29:00,909] [INFO] [job_funcs] hello_job Į¾·į
[2026-04-16 15:29:00,909] [INFO] [hello_job] [END] hello_job
[2026-04-16 15:29:00,909] [INFO] [apscheduler.executors.default] Job "execute_job (trigger: interval[0:00:10], next run at: 2026-04-16 15:29:08 KST)" executed successfully
[2026-04-16 15:29:08,893] [INFO] [apscheduler.executors.default] Running job "execute_job (trigger: interval[0:00:10], next run at: 2026-04-16 15:29:18 KST)" (scheduled at 2026-04-16 15:29:08.890874+09:00)
[2026-04-16 15:29:08,893] [INFO] [hello_job] [START] hello_job
[2026-04-16 15:29:08,893] [INFO] [job_funcs] hello_job ½ĆĄŪ
[2026-04-16 15:29:10,896] [INFO] [job_funcs] hello_job Į¾·į
[2026-04-16 15:29:10,896] [INFO] [hello_job] [END] hello_job
[2026-04-16 15:29:10,896] [INFO] [apscheduler.executors.default] Job "execute_job (trigger: interval[0:00:10], next run at: 2026-04-16 15:29:18 KST)" executed successfully
[2026-04-16 15:29:18,894] [INFO] [apscheduler.executors.default] Running job "execute_job (trigger: interval[0:00:10], next run at: 2026-04-16 15:29:28 KST)" (scheduled at 2026-04-16 15:29:18.890874+09:00)
[2026-04-16 15:29:18,894] [INFO] [hello_job] [START] hello_job
[2026-04-16 15:29:18,894] [INFO] [job_funcs] hello_job ½ĆĄŪ
[2026-04-16 15:29:20,897] [INFO] [job_funcs] hello_job Į¾·į
[2026-04-16 15:29:20,897] [INFO] [hello_job] [END] hello_job
[2026-04-16 15:29:20,897] [INFO] [apscheduler.executors.default] Job "execute_job (trigger: interval[0:00:10], next run at: 2026-04-16 15:29:28 KST)" executed successfully
[2026-04-16 15:29:28,904] [INFO] [apscheduler.executors.default] Running job "execute_job (trigger: interval[0:00:10], next run at: 2026-04-16 15:29:38 KST)" (scheduled at 2026-04-16 15:29:28.890874+09:00)
[2026-04-16 15:29:28,904] [INFO] [hello_job] [START] hello_job
[2026-04-16 15:29:28,904] [INFO] [job_funcs] hello_job ½ĆĄŪ
[2026-04-16 15:29:30,909] [INFO] [job_funcs] hello_job Į¾·į
[2026-04-16 15:29:30,909] [INFO] [hello_job] [END] hello_job
[2026-04-16 15:29:30,909] [INFO] [apscheduler.executors.default] Job "execute_job (trigger: interval[0:00:10], next run at: 2026-04-16 15:29:38 KST)" executed successfully
[2026-04-16 15:29:38,893] [INFO] [apscheduler.executors.default] Running job "execute_job (trigger: interval[0:00:10], next run at: 2026-04-16 15:29:48 KST)" (scheduled at 2026-04-16 15:29:38.890874+09:00)
[2026-04-16 15:29:38,893] [INFO] [hello_job] [START] hello_job
[2026-04-16 15:29:38,893] [INFO] [job_funcs] hello_job ½ĆĄŪ
[2026-04-16 15:29:40,896] [INFO] [job_funcs] hello_job Į¾·į
[2026-04-16 15:29:40,896] [INFO] [hello_job] [END] hello_job
[2026-04-16 15:29:40,896] [INFO] [apscheduler.executors.default] Job "execute_job (trigger: interval[0:00:10], next run at: 2026-04-16 15:29:48 KST)" executed successfully
[2026-04-16 15:29:48,907] [INFO] [apscheduler.executors.default] Running job "execute_job (trigger: interval[0:00:10], next run at: 2026-04-16 15:29:58 KST)" (scheduled at 2026-04-16 15:29:48.890874+09:00)
[2026-04-16 15:29:48,907] [INFO] [hello_job] [START] hello_job
[2026-04-16 15:29:48,907] [INFO] [job_funcs] hello_job ½ĆĄŪ
[2026-04-16 15:29:50,912] [INFO] [job_funcs] hello_job Į¾·į
[2026-04-16 15:29:50,912] [INFO] [hello_job] [END] hello_job
[2026-04-16 15:29:50,912] [INFO] [apscheduler.executors.default] Job "execute_job (trigger: interval[0:00:10], next run at: 2026-04-16 15:29:58 KST)" executed successfully
[2026-04-16 15:29:58,898] [INFO] [apscheduler.executors.default] Running job "execute_job (trigger: interval[0:00:10], next run at: 2026-04-16 15:30:08 KST)" (scheduled at 2026-04-16 15:29:58.890874+09:00)
[2026-04-16 15:29:58,898] [INFO] [hello_job] [START] hello_job
[2026-04-16 15:29:58,899] [INFO] [job_funcs] hello_job ½ĆĄŪ
[2026-04-16 15:30:00,900] [INFO] [job_funcs] hello_job Į¾·į
[2026-04-16 15:30:00,900] [INFO] [hello_job] [END] hello_job
[2026-04-16 15:30:00,900] [INFO] [apscheduler.executors.default] Job "execute_job (trigger: interval[0:00:10], next run at: 2026-04-16 15:30:08 KST)" executed successfully
[2026-04-16 15:30:08,902] [INFO] [apscheduler.executors.default] Running job "execute_job (trigger: interval[0:00:10], next run at: 2026-04-16 15:30:18 KST)" (scheduled at 2026-04-16 15:30:08.890874+09:00)
[2026-04-16 15:30:08,902] [INFO] [hello_job] [START] hello_job
[2026-04-16 15:30:08,904] [INFO] [job_funcs] hello_job ½ĆĄŪ
[2026-04-16 15:30:10,906] [INFO] [job_funcs] hello_job Į¾·į
[2026-04-16 15:30:10,906] [INFO] [hello_job] [END] hello_job
[2026-04-16 15:30:10,906] [INFO] [apscheduler.executors.default] Job "execute_job (trigger: interval[0:00:10], next run at: 2026-04-16 15:30:18 KST)" executed successfully
[2026-04-16 15:30:18,900] [INFO] [apscheduler.executors.default] Running job "execute_job (trigger: interval[0:00:10], next run at: 2026-04-16 15:30:28 KST)" (scheduled at 2026-04-16 15:30:18.890874+09:00)
[2026-04-16 15:30:18,900] [INFO] [hello_job] [START] hello_job
[2026-04-16 15:30:18,900] [INFO] [job_funcs] hello_job ½ĆĄŪ
[2026-04-16 15:30:20,903] [INFO] [job_funcs] hello_job Į¾·į
[2026-04-16 15:30:20,903] [INFO] [hello_job] [END] hello_job
[2026-04-16 15:30:20,903] [INFO] [apscheduler.executors.default] Job "execute_job (trigger: interval[0:00:10], next run at: 2026-04-16 15:30:28 KST)" executed successfully
[2026-04-16 15:30:28,904] [INFO] [apscheduler.executors.default] Running job "execute_job (trigger: interval[0:00:10], next run at: 2026-04-16 15:30:38 KST)" (scheduled at 2026-04-16 15:30:28.890874+09:00)
[2026-04-16 15:30:28,904] [INFO] [hello_job] [START] hello_job
[2026-04-16 15:30:28,904] [INFO] [job_funcs] hello_job ½ĆĄŪ
[2026-04-16 15:30:30,909] [INFO] [job_funcs] hello_job Į¾·į
[2026-04-16 15:30:30,909] [INFO] [hello_job] [END] hello_job
[2026-04-16 15:30:30,912] [INFO] [apscheduler.executors.default] Job "execute_job (trigger: interval[0:00:10], next run at: 2026-04-16 15:30:38 KST)" executed successfully
[2026-04-16 15:30:38,901] [INFO] [apscheduler.executors.default] Running job "execute_job (trigger: interval[0:00:10], next run at: 2026-04-16 15:30:48 KST)" (scheduled at 2026-04-16 15:30:38.890874+09:00)
[2026-04-16 15:30:38,901] [INFO] [hello_job] [START] hello_job
[2026-04-16 15:30:38,901] [INFO] [job_funcs] hello_job ½ĆĄŪ
[2026-04-16 15:30:40,905] [INFO] [job_funcs] hello_job Į¾·į
[2026-04-16 15:30:40,906] [INFO] [hello_job] [END] hello_job
[2026-04-16 15:30:40,906] [INFO] [apscheduler.executors.default] Job "execute_job (trigger: interval[0:00:10], next run at: 2026-04-16 15:30:48 KST)" executed successfully
[2026-04-16 15:30:48,900] [INFO] [apscheduler.executors.default] Running job "execute_job (trigger: interval[0:00:10], next run at: 2026-04-16 15:30:58 KST)" (scheduled at 2026-04-16 15:30:48.890874+09:00)
[2026-04-16 15:30:48,900] [INFO] [hello_job] [START] hello_job
[2026-04-16 15:30:48,900] [INFO] [job_funcs] hello_job ½ĆĄŪ
[2026-04-16 15:30:50,903] [INFO] [job_funcs] hello_job Į¾·į
[2026-04-16 15:30:50,903] [INFO] [hello_job] [END] hello_job
[2026-04-16 15:30:50,903] [INFO] [apscheduler.executors.default] Job "execute_job (trigger: interval[0:00:10], next run at: 2026-04-16 15:30:58 KST)" executed successfully
[2026-04-16 15:30:58,897] [INFO] [apscheduler.executors.default] Running job "execute_job (trigger: interval[0:00:10], next run at: 2026-04-16 15:31:08 KST)" (scheduled at 2026-04-16 15:30:58.890874+09:00)
[2026-04-16 15:30:58,897] [INFO] [hello_job] [START] hello_job
[2026-04-16 15:30:58,897] [INFO] [job_funcs] hello_job ½ĆĄŪ
[2026-04-16 15:31:00,900] [INFO] [job_funcs] hello_job Į¾·į
[2026-04-16 15:31:00,900] [INFO] [hello_job] [END] hello_job
[2026-04-16 15:31:00,900] [INFO] [apscheduler.executors.default] Job "execute_job (trigger: interval[0:00:10], next run at: 2026-04-16 15:31:08 KST)" executed successfully
[2026-04-16 15:31:08,906] [INFO] [apscheduler.executors.default] Running job "execute_job (trigger: interval[0:00:10], next run at: 2026-04-16 15:31:18 KST)" (scheduled at 2026-04-16 15:31:08.890874+09:00)
[2026-04-16 15:31:08,908] [INFO] [hello_job] [START] hello_job
[2026-04-16 15:31:08,908] [INFO] [job_funcs] hello_job ½ĆĄŪ
[2026-04-16 15:31:10,911] [INFO] [job_funcs] hello_job Į¾·į
[2026-04-16 15:31:10,911] [INFO] [hello_job] [END] hello_job
[2026-04-16 15:31:10,912] [INFO] [apscheduler.executors.default] Job "execute_job (trigger: interval[0:00:10], next run at: 2026-04-16 15:31:18 KST)" executed successfully
[2026-04-16 15:31:18,915] [INFO] [apscheduler.executors.default] Running job "execute_job (trigger: interval[0:00:10], next run at: 2026-04-16 15:31:28 KST)" (scheduled at 2026-04-16 15:31:18.890874+09:00)
[2026-04-16 15:31:18,915] [INFO] [hello_job] [START] hello_job
[2026-04-16 15:31:18,915] [INFO] [job_funcs] hello_job ½ĆĄŪ
[2026-04-16 15:31:20,918] [INFO] [job_funcs] hello_job Į¾·į
[2026-04-16 15:31:20,918] [INFO] [hello_job] [END] hello_job
[2026-04-16 15:31:20,919] [INFO] [apscheduler.executors.default] Job "execute_job (trigger: interval[0:00:10], next run at: 2026-04-16 15:31:28 KST)" executed successfully
[2026-04-16 15:31:28,897] [INFO] [apscheduler.executors.default] Running job "execute_job (trigger: interval[0:00:10], next run at: 2026-04-16 15:31:38 KST)" (scheduled at 2026-04-16 15:31:28.890874+09:00)
[2026-04-16 15:31:28,897] [INFO] [hello_job] [START] hello_job
[2026-04-16 15:31:28,900] [INFO] [job_funcs] hello_job ½ĆĄŪ
[2026-04-16 15:31:30,902] [INFO] [job_funcs] hello_job Į¾·į
[2026-04-16 15:31:30,902] [INFO] [hello_job] [END] hello_job
[2026-04-16 15:31:30,902] [INFO] [apscheduler.executors.default] Job "execute_job (trigger: interval[0:00:10], next run at: 2026-04-16 15:31:38 KST)" executed successfully
[2026-04-16 15:31:38,912] [INFO] [apscheduler.executors.default] Running job "execute_job (trigger: interval[0:00:10], next run at: 2026-04-16 15:31:48 KST)" (scheduled at 2026-04-16 15:31:38.890874+09:00)
[2026-04-16 15:31:38,915] [INFO] [hello_job] [START] hello_job
[2026-04-16 15:31:38,916] [INFO] [job_funcs] hello_job ½ĆĄŪ
[2026-04-16 15:31:40,917] [INFO] [job_funcs] hello_job Į¾·į
[2026-04-16 15:31:40,917] [INFO] [hello_job] [END] hello_job
[2026-04-16 15:31:40,917] [INFO] [apscheduler.executors.default] Job "execute_job (trigger: interval[0:00:10], next run at: 2026-04-16 15:31:48 KST)" executed successfully
[2026-04-16 15:31:48,895] [INFO] [apscheduler.executors.default] Running job "execute_job (trigger: interval[0:00:10], next run at: 2026-04-16 15:31:58 KST)" (scheduled at 2026-04-16 15:31:48.890874+09:00)
[2026-04-16 15:31:48,895] [INFO] [hello_job] [START] hello_job
[2026-04-16 15:31:48,895] [INFO] [job_funcs] hello_job ½ĆĄŪ
[2026-04-16 15:31:50,898] [INFO] [job_funcs] hello_job Į¾·į
[2026-04-16 15:31:50,898] [INFO] [hello_job] [END] hello_job
[2026-04-16 15:31:50,898] [INFO] [apscheduler.executors.default] Job "execute_job (trigger: interval[0:00:10], next run at: 2026-04-16 15:31:58 KST)" executed successfully
[2026-04-16 15:31:58,897] [INFO] [apscheduler.executors.default] Running job "execute_job (trigger: interval[0:00:10], next run at: 2026-04-16 15:32:08 KST)" (scheduled at 2026-04-16 15:31:58.890874+09:00)
[2026-04-16 15:31:58,897] [INFO] [hello_job] [START] hello_job
[2026-04-16 15:31:58,897] [INFO] [job_funcs] hello_job ½ĆĄŪ
[2026-04-16 15:32:00,899] [INFO] [job_funcs] hello_job Į¾·į
[2026-04-16 15:32:00,899] [INFO] [hello_job] [END] hello_job
[2026-04-16 15:32:00,899] [INFO] [apscheduler.executors.default] Job "execute_job (trigger: interval[0:00:10], next run at: 2026-04-16 15:32:08 KST)" executed successfully
[2026-04-16 15:32:08,904] [INFO] [apscheduler.executors.default] Running job "execute_job (trigger: interval[0:00:10], next run at: 2026-04-16 15:32:18 KST)" (scheduled at 2026-04-16 15:32:08.890874+09:00)
[2026-04-16 15:32:08,906] [INFO] [hello_job] [START] hello_job
[2026-04-16 15:32:08,906] [INFO] [job_funcs] hello_job ½ĆĄŪ
[2026-04-16 15:32:10,907] [INFO] [job_funcs] hello_job Į¾·į
[2026-04-16 15:32:10,907] [INFO] [hello_job] [END] hello_job
[2026-04-16 15:32:10,907] [INFO] [apscheduler.executors.default] Job "execute_job (trigger: interval[0:00:10], next run at: 2026-04-16 15:32:18 KST)" executed successfully
[2026-04-16 15:32:18,893] [INFO] [apscheduler.executors.default] Running job "execute_job (trigger: interval[0:00:10], next run at: 2026-04-16 15:32:28 KST)" (scheduled at 2026-04-16 15:32:18.890874+09:00)
[2026-04-16 15:32:18,893] [INFO] [hello_job] [START] hello_job
[2026-04-16 15:32:18,893] [INFO] [job_funcs] hello_job ½ĆĄŪ
[2026-04-16 15:32:20,897] [INFO] [job_funcs] hello_job Į¾·į
[2026-04-16 15:32:20,897] [INFO] [hello_job] [END] hello_job
[2026-04-16 15:32:20,897] [INFO] [apscheduler.executors.default] Job "execute_job (trigger: interval[0:00:10], next run at: 2026-04-16 15:32:28 KST)" executed successfully
[2026-04-16 15:32:28,903] [INFO] [apscheduler.executors.default] Running job "execute_job (trigger: interval[0:00:10], next run at: 2026-04-16 15:32:38 KST)" (scheduled at 2026-04-16 15:32:28.890874+09:00)
[2026-04-16 15:32:28,904] [INFO] [hello_job] [START] hello_job
[2026-04-16 15:32:28,904] [INFO] [job_funcs] hello_job ½ĆĄŪ
[2026-04-16 15:32:30,905] [INFO] [job_funcs] hello_job Į¾·į
[2026-04-16 15:32:30,905] [INFO] [hello_job] [END] hello_job
[2026-04-16 15:32:30,905] [INFO] [apscheduler.executors.default] Job "execute_job (trigger: interval[0:00:10], next run at: 2026-04-16 15:32:38 KST)" executed successfully
[2026-04-16 15:32:38,907] [INFO] [apscheduler.executors.default] Running job "execute_job (trigger: interval[0:00:10], next run at: 2026-04-16 15:32:48 KST)" (scheduled at 2026-04-16 15:32:38.890874+09:00)
[2026-04-16 15:32:38,907] [INFO] [hello_job] [START] hello_job
[2026-04-16 15:32:38,907] [INFO] [job_funcs] hello_job ½ĆĄŪ
[2026-04-16 15:32:40,909] [INFO] [job_funcs] hello_job Į¾·į
[2026-04-16 15:32:40,909] [INFO] [hello_job] [END] hello_job
[2026-04-16 15:32:40,909] [INFO] [apscheduler.executors.default] Job "execute_job (trigger: interval[0:00:10], next run at: 2026-04-16 15:32:48 KST)" executed successfully
[2026-04-16 15:32:48,904] [INFO] [apscheduler.executors.default] Running job "execute_job (trigger: interval[0:00:10], next run at: 2026-04-16 15:32:58 KST)" (scheduled at 2026-04-16 15:32:48.890874+09:00)
[2026-04-16 15:32:48,905] [INFO] [hello_job] [START] hello_job
[2026-04-16 15:32:48,905] [INFO] [job_funcs] hello_job ½ĆĄŪ
[2026-04-16 15:32:50,907] [INFO] [job_funcs] hello_job Į¾·į
[2026-04-16 15:32:50,908] [INFO] [hello_job] [END] hello_job
[2026-04-16 15:32:50,908] [INFO] [apscheduler.executors.default] Job "execute_job (trigger: interval[0:00:10], next run at: 2026-04-16 15:32:58 KST)" executed successfully
[2026-04-16 15:32:58,901] [INFO] [apscheduler.executors.default] Running job "execute_job (trigger: interval[0:00:10], next run at: 2026-04-16 15:33:08 KST)" (scheduled at 2026-04-16 15:32:58.890874+09:00)
[2026-04-16 15:32:58,901] [INFO] [hello_job] [START] hello_job
[2026-04-16 15:32:58,901] [INFO] [job_funcs] hello_job ½ĆĄŪ
[2026-04-16 15:33:00,902] [INFO] [job_funcs] hello_job Į¾·į
[2026-04-16 15:33:00,902] [INFO] [hello_job] [END] hello_job
[2026-04-16 15:33:00,902] [INFO] [apscheduler.executors.default] Job "execute_job (trigger: interval[0:00:10], next run at: 2026-04-16 15:33:08 KST)" executed successfully
[2026-04-16 15:33:08,910] [INFO] [apscheduler.executors.default] Running job "execute_job (trigger: interval[0:00:10], next run at: 2026-04-16 15:33:18 KST)" (scheduled at 2026-04-16 15:33:08.890874+09:00)
[2026-04-16 15:33:08,910] [INFO] [hello_job] [START] hello_job
[2026-04-16 15:33:08,910] [INFO] [job_funcs] hello_job ½ĆĄŪ
[2026-04-16 15:33:10,913] [INFO] [job_funcs] hello_job Į¾·į
[2026-04-16 15:33:10,913] [INFO] [hello_job] [END] hello_job
[2026-04-16 15:33:10,913] [INFO] [apscheduler.executors.default] Job "execute_job (trigger: interval[0:00:10], next run at: 2026-04-16 15:33:18 KST)" executed successfully
[2026-04-16 15:33:18,907] [INFO] [apscheduler.executors.default] Running job "execute_job (trigger: interval[0:00:10], next run at: 2026-04-16 15:33:28 KST)" (scheduled at 2026-04-16 15:33:18.890874+09:00)
[2026-04-16 15:33:18,908] [INFO] [hello_job] [START] hello_job
[2026-04-16 15:33:18,908] [INFO] [job_funcs] hello_job ½ĆĄŪ
[2026-04-16 15:33:20,910] [INFO] [job_funcs] hello_job Į¾·į
[2026-04-16 15:33:20,910] [INFO] [hello_job] [END] hello_job
[2026-04-16 15:33:20,912] [INFO] [apscheduler.executors.default] Job "execute_job (trigger: interval[0:00:10], next run at: 2026-04-16 15:33:28 KST)" executed successfully
[2026-04-16 15:33:28,911] [INFO] [apscheduler.executors.default] Running job "execute_job (trigger: interval[0:00:10], next run at: 2026-04-16 15:33:38 KST)" (scheduled at 2026-04-16 15:33:28.890874+09:00)
[2026-04-16 15:33:28,911] [INFO] [hello_job] [START] hello_job
[2026-04-16 15:33:28,911] [INFO] [job_funcs] hello_job ½ĆĄŪ
[2026-04-16 15:33:30,913] [INFO] [job_funcs] hello_job Į¾·į
[2026-04-16 15:33:30,913] [INFO] [hello_job] [END] hello_job
[2026-04-16 15:33:30,914] [INFO] [apscheduler.executors.default] Job "execute_job (trigger: interval[0:00:10], next run at: 2026-04-16 15:33:38 KST)" executed successfully
[2026-04-16 15:33:38,913] [INFO] [apscheduler.executors.default] Running job "execute_job (trigger: interval[0:00:10], next run at: 2026-04-16 15:33:48 KST)" (scheduled at 2026-04-16 15:33:38.890874+09:00)
[2026-04-16 15:33:38,913] [INFO] [hello_job] [START] hello_job
[2026-04-16 15:33:38,917] [INFO] [job_funcs] hello_job ½ĆĄŪ
[2026-04-16 15:33:40,919] [INFO] [job_funcs] hello_job Į¾·į
[2026-04-16 15:33:40,919] [INFO] [hello_job] [END] hello_job
[2026-04-16 15:33:40,919] [INFO] [apscheduler.executors.default] Job "execute_job (trigger: interval[0:00:10], next run at: 2026-04-16 15:33:48 KST)" executed successfully
[2026-04-16 15:33:48,897] [INFO] [apscheduler.executors.default] Running job "execute_job (trigger: interval[0:00:10], next run at: 2026-04-16 15:33:58 KST)" (scheduled at 2026-04-16 15:33:48.890874+09:00)
[2026-04-16 15:33:48,897] [INFO] [hello_job] [START] hello_job
[2026-04-16 15:33:48,901] [INFO] [job_funcs] hello_job ½ĆĄŪ
[2026-04-16 15:33:50,902] [INFO] [job_funcs] hello_job Į¾·į
[2026-04-16 15:33:50,902] [INFO] [hello_job] [END] hello_job
[2026-04-16 15:33:50,903] [INFO] [apscheduler.executors.default] Job "execute_job (trigger: interval[0:00:10], next run at: 2026-04-16 15:33:58 KST)" executed successfully
[2026-04-16 15:33:58,905] [INFO] [apscheduler.executors.default] Running job "execute_job (trigger: interval[0:00:10], next run at: 2026-04-16 15:34:08 KST)" (scheduled at 2026-04-16 15:33:58.890874+09:00)
[2026-04-16 15:33:58,905] [INFO] [hello_job] [START] hello_job
[2026-04-16 15:33:58,905] [INFO] [job_funcs] hello_job ½ĆĄŪ
[2026-04-16 15:34:00,909] [INFO] [job_funcs] hello_job Į¾·į
[2026-04-16 15:34:00,909] [INFO] [hello_job] [END] hello_job
[2026-04-16 15:34:00,911] [INFO] [apscheduler.executors.default] Job "execute_job (trigger: interval[0:00:10], next run at: 2026-04-16 15:34:08 KST)" executed successfully
[2026-04-16 15:34:08,908] [INFO] [apscheduler.executors.default] Running job "execute_job (trigger: interval[0:00:10], next run at: 2026-04-16 15:34:18 KST)" (scheduled at 2026-04-16 15:34:08.890874+09:00)
[2026-04-16 15:34:08,908] [INFO] [hello_job] [START] hello_job
[2026-04-16 15:34:08,908] [INFO] [job_funcs] hello_job ½ĆĄŪ
[2026-04-16 15:34:10,911] [INFO] [job_funcs] hello_job Į¾·į
[2026-04-16 15:34:10,911] [INFO] [hello_job] [END] hello_job
[2026-04-16 15:34:10,911] [INFO] [apscheduler.executors.default] Job "execute_job (trigger: interval[0:00:10], next run at: 2026-04-16 15:34:18 KST)" executed successfully
[2026-04-16 15:34:18,909] [INFO] [apscheduler.executors.default] Running job "execute_job (trigger: interval[0:00:10], next run at: 2026-04-16 15:34:28 KST)" (scheduled at 2026-04-16 15:34:18.890874+09:00)
[2026-04-16 15:34:18,910] [INFO] [hello_job] [START] hello_job
[2026-04-16 15:34:18,912] [INFO] [job_funcs] hello_job ½ĆĄŪ
[2026-04-16 15:34:20,913] [INFO] [job_funcs] hello_job Į¾·į
[2026-04-16 15:34:20,913] [INFO] [hello_job] [END] hello_job
[2026-04-16 15:34:20,913] [INFO] [apscheduler.executors.default] Job "execute_job (trigger: interval[0:00:10], next run at: 2026-04-16 15:34:28 KST)" executed successfully
[2026-04-16 15:34:28,908] [INFO] [apscheduler.executors.default] Running job "execute_job (trigger: interval[0:00:10], next run at: 2026-04-16 15:34:38 KST)" (scheduled at 2026-04-16 15:34:28.890874+09:00)
[2026-04-16 15:34:28,908] [INFO] [hello_job] [START] hello_job
[2026-04-16 15:34:28,908] [INFO] [job_funcs] hello_job ½ĆĄŪ
[2026-04-16 15:34:30,909] [INFO] [job_funcs] hello_job Į¾·į
[2026-04-16 15:34:30,909] [INFO] [hello_job] [END] hello_job
[2026-04-16 15:34:30,909] [INFO] [apscheduler.executors.default] Job "execute_job (trigger: interval[0:00:10], next run at: 2026-04-16 15:34:38 KST)" executed successfully
[2026-04-16 15:34:38,896] [INFO] [apscheduler.executors.default] Running job "execute_job (trigger: interval[0:00:10], next run at: 2026-04-16 15:34:48 KST)" (scheduled at 2026-04-16 15:34:38.890874+09:00)
[2026-04-16 15:34:38,896] [INFO] [hello_job] [START] hello_job
[2026-04-16 15:34:38,896] [INFO] [job_funcs] hello_job ½ĆĄŪ
[2026-04-16 15:34:40,899] [INFO] [job_funcs] hello_job Į¾·į
[2026-04-16 15:34:40,901] [INFO] [hello_job] [END] hello_job
[2026-04-16 15:34:40,901] [INFO] [apscheduler.executors.default] Job "execute_job (trigger: interval[0:00:10], next run at: 2026-04-16 15:34:48 KST)" executed successfully
[2026-04-16 15:34:48,894] [INFO] [apscheduler.executors.default] Running job "execute_job (trigger: interval[0:00:10], next run at: 2026-04-16 15:34:58 KST)" (scheduled at 2026-04-16 15:34:48.890874+09:00)
[2026-04-16 15:34:48,894] [INFO] [hello_job] [START] hello_job
[2026-04-16 15:34:48,894] [INFO] [job_funcs] hello_job ½ĆĄŪ
[2026-04-16 15:34:50,897] [INFO] [job_funcs] hello_job Į¾·į
[2026-04-16 15:34:50,897] [INFO] [hello_job] [END] hello_job
[2026-04-16 15:34:50,899] [INFO] [apscheduler.executors.default] Job "execute_job (trigger: interval[0:00:10], next run at: 2026-04-16 15:34:58 KST)" executed successfully
[2026-04-16 15:34:58,912] [INFO] [apscheduler.executors.default] Running job "execute_job (trigger: interval[0:00:10], next run at: 2026-04-16 15:35:08 KST)" (scheduled at 2026-04-16 15:34:58.890874+09:00)
[2026-04-16 15:34:58,912] [INFO] [hello_job] [START] hello_job
[2026-04-16 15:34:58,913] [INFO] [job_funcs] hello_job ½ĆĄŪ
[2026-04-16 15:35:00,914] [INFO] [job_funcs] hello_job Į¾·į
[2026-04-16 15:35:00,914] [INFO] [hello_job] [END] hello_job
[2026-04-16 15:35:00,914] [INFO] [apscheduler.executors.default] Job "execute_job (trigger: interval[0:00:10], next run at: 2026-04-16 15:35:08 KST)" executed successfully
[2026-04-16 15:35:08,905] [INFO] [apscheduler.executors.default] Running job "execute_job (trigger: interval[0:00:10], next run at: 2026-04-16 15:35:18 KST)" (scheduled at 2026-04-16 15:35:08.890874+09:00)
[2026-04-16 15:35:08,905] [INFO] [hello_job] [START] hello_job
[2026-04-16 15:35:08,905] [INFO] [job_funcs] hello_job ½ĆĄŪ
[2026-04-16 15:35:10,908] [INFO] [job_funcs] hello_job Į¾·į
[2026-04-16 15:35:10,908] [INFO] [hello_job] [END] hello_job
[2026-04-16 15:35:10,908] [INFO] [apscheduler.executors.default] Job "execute_job (trigger: interval[0:00:10], next run at: 2026-04-16 15:35:18 KST)" executed successfully
[2026-04-16 15:35:18,911] [INFO] [apscheduler.executors.default] Running job "execute_job (trigger: interval[0:00:10], next run at: 2026-04-16 15:35:28 KST)" (scheduled at 2026-04-16 15:35:18.890874+09:00)
[2026-04-16 15:35:18,911] [INFO] [hello_job] [START] hello_job
[2026-04-16 15:35:18,912] [INFO] [job_funcs] hello_job ½ĆĄŪ
[2026-04-16 15:35:20,912] [INFO] [job_funcs] hello_job Į¾·į
[2026-04-16 15:35:20,912] [INFO] [hello_job] [END] hello_job
[2026-04-16 15:35:20,912] [INFO] [apscheduler.executors.default] Job "execute_job (trigger: interval[0:00:10], next run at: 2026-04-16 15:35:28 KST)" executed successfully
[2026-04-16 15:35:28,903] [INFO] [apscheduler.executors.default] Running job "execute_job (trigger: interval[0:00:10], next run at: 2026-04-16 15:35:38 KST)" (scheduled at 2026-04-16 15:35:28.890874+09:00)
[2026-04-16 15:35:28,903] [INFO] [hello_job] [START] hello_job
[2026-04-16 15:35:28,903] [INFO] [job_funcs] hello_job ½ĆĄŪ
[2026-04-16 15:35:30,906] [INFO] [job_funcs] hello_job Į¾·į
[2026-04-16 15:35:30,906] [INFO] [hello_job] [END] hello_job
[2026-04-16 15:35:30,906] [INFO] [apscheduler.executors.default] Job "execute_job (trigger: interval[0:00:10], next run at: 2026-04-16 15:35:38 KST)" executed successfully
[2026-04-16 15:35:38,908] [INFO] [apscheduler.executors.default] Running job "execute_job (trigger: interval[0:00:10], next run at: 2026-04-16 15:35:48 KST)" (scheduled at 2026-04-16 15:35:38.890874+09:00)
[2026-04-16 15:35:38,908] [INFO] [hello_job] [START] hello_job
[2026-04-16 15:35:38,911] [INFO] [job_funcs] hello_job ½ĆĄŪ
[2026-04-16 15:35:40,911] [INFO] [job_funcs] hello_job Į¾·į
[2026-04-16 15:35:40,911] [INFO] [hello_job] [END] hello_job
[2026-04-16 15:35:40,911] [INFO] [apscheduler.executors.default] Job "execute_job (trigger: interval[0:00:10], next run at: 2026-04-16 15:35:48 KST)" executed successfully
[2026-04-16 15:35:48,908] [INFO] [apscheduler.executors.default] Running job "execute_job (trigger: interval[0:00:10], next run at: 2026-04-16 15:35:58 KST)" (scheduled at 2026-04-16 15:35:48.890874+09:00)
[2026-04-16 15:35:48,908] [INFO] [hello_job] [START] hello_job
[2026-04-16 15:35:48,908] [INFO] [job_funcs] hello_job ½ĆĄŪ
[2026-04-16 15:35:50,910] [INFO] [job_funcs] hello_job Į¾·į
[2026-04-16 15:35:50,910] [INFO] [hello_job] [END] hello_job
[2026-04-16 15:35:50,910] [INFO] [apscheduler.executors.default] Job "execute_job (trigger: interval[0:00:10], next run at: 2026-04-16 15:35:58 KST)" executed successfully
